<?xml version="1.0" encoding="UTF-8"?>
<testsuite xmlns:xsi="http://www.w3.org/2001/XMLSchema-instance" xsi:noNamespaceSchemaLocation="https://maven.apache.org/surefire/maven-surefire-plugin/xsd/surefire-test-report.xsd" name="com.test.automation.api.TestRunner" time="0.081" tests="1" errors="1" skipped="0" failures="0">
  <properties>
[...]
</properties>
  <testcase name="initializationError" classname="com.test.automation.api.TestRunner" time="0.003">
    <error message="io/cucumber/gherkin/GherkinParser" type="java.lang.NoClassDefFoundError">java.lang.NoClassDefFoundError: io/cucumber/gherkin/GherkinParser
Caused by: java.lang.ClassNotFoundException: io.cucumber.gherkin.GherkinParser
</error>
  </testcase>
</testsuite>